<?xml version="1.0" encoding="UTF-8"?>
<!-- Generated by org.testng.reporters.JUnitReportReporter -->
<testsuite skipped="0" hostname="DESKTOP-3KMQB6L" name="knowledge.appiumTest" tests="2" failures="0" timestamp="23 Nov 2018 12:01:08 GMT" time="0.000" errors="0">
  <testcase name="IOSApps" time="0.000" classname="knowledge.appiumTest"/>
  <testcase name="NativeAppAndroid" time="0.000" classname="knowledge.appiumTest"/>
</testsuite> <!-- knowledge.appiumTest -->
