<?xml version="1.0" encoding="UTF-8"?>
<!-- Generated by org.testng.reporters.JUnitReportReporter -->
<testsuite skipped="0" hostname="DESKTOP-3KMQB6L" name="knowledge.restapiTest" tests="2" failures="0" timestamp="05 Nov 2018 06:39:27 GMT" time="0.000" errors="0">
  <testcase name="DeleteTwitter" time="0.000" classname="knowledge.restapiTest"/>
  <testcase name="PostJira" time="0.000" classname="knowledge.restapiTest"/>
</testsuite> <!-- knowledge.restapiTest -->
