<?xml version="1.0" encoding="UTF-8"?>
<!-- Generated by org.testng.reporters.JUnitReportReporter -->
<testsuite skipped="0" hostname="DESKTOP-3KMQB6L" name="knowledge.seleniumTest" tests="2" failures="0" timestamp="23 Nov 2018 12:01:08 GMT" time="0.015" errors="0">
  <testcase name="BrowserAutomation" time="0.015" classname="knowledge.seleniumTest"/>
  <testcase name="ElementsUi" time="0.000" classname="knowledge.seleniumTest"/>
</testsuite> <!-- knowledge.seleniumTest -->
